<?xml version="1.0" encoding="UTF-8"?>
<testng-results ignored="0" total="1" passed="1" failed="0" skipped="0">
  <reporter-output>
  </reporter-output>
  <suite started-at="2024-07-05T17:25:01 IST" name="Default suite" finished-at="2024-07-05T17:25:05 IST" duration-ms="3176">
    <groups>
    </groups>
    <test started-at="2024-07-05T17:25:01 IST" name="Default test" finished-at="2024-07-05T17:25:05 IST" duration-ms="3176">
      <class name="FirstTest.RentACarFullTest">
        <test-method signature="DELETEApi()[pri:0, instance:FirstTest.RentACarFullTest@5c33f1a9]" started-at="2024-07-05T17:25:02 IST" name="DELETEApi" finished-at="2024-07-05T17:25:05 IST" duration-ms="3093" status="PASS">
          <reporter-output>
          </reporter-output>
        </test-method> <!-- DELETEApi -->
      </class> <!-- FirstTest.RentACarFullTest -->
    </test> <!-- Default test -->
  </suite> <!-- Default suite -->
</testng-results>
